<?xml version="1.0" encoding="UTF-8"?>
<testng-results ignored="0" total="1" passed="1" failed="0" skipped="0">
  <reporter-output>
  </reporter-output>
  <suite started-at="2024-05-24T10:10:02Z" name="Default suite" finished-at="2024-05-24T10:10:24Z" duration-ms="22023">
    <groups>
    </groups>
    <test started-at="2024-05-24T10:10:02Z" name="Default test" finished-at="2024-05-24T10:10:24Z" duration-ms="22023">
      <class name="DropDown.DropDow4">
        <test-method is-config="true" signature="beforeSuite()[pri:0, instance:DropDown.DropDow4@59e505b2]" started-at="2024-05-24T15:40:02Z" name="beforeSuite" finished-at="2024-05-24T15:40:02Z" duration-ms="23" status="PASS">
          <reporter-output>
          </reporter-output>
        </test-method> <!-- beforeSuite -->
        <test-method is-config="true" signature="beforeTest()[pri:0, instance:DropDown.DropDow4@59e505b2]" started-at="2024-05-24T15:40:02Z" name="beforeTest" finished-at="2024-05-24T15:40:02Z" duration-ms="1" status="PASS">
          <reporter-output>
          </reporter-output>
        </test-method> <!-- beforeTest -->
        <test-method is-config="true" signature="beforeClass()[pri:0, instance:DropDown.DropDow4@59e505b2]" started-at="2024-05-24T15:40:02Z" name="beforeClass" finished-at="2024-05-24T15:40:11Z" duration-ms="8614" status="PASS">
          <reporter-output>
          </reporter-output>
        </test-method> <!-- beforeClass -->
        <test-method is-config="true" signature="beforeMethod()[pri:0, instance:DropDown.DropDow4@59e505b2]" started-at="2024-05-24T15:40:11Z" name="beforeMethod" finished-at="2024-05-24T15:40:11Z" duration-ms="0" status="PASS">
          <reporter-output>
          </reporter-output>
        </test-method> <!-- beforeMethod -->
        <test-method signature="singleSelect()[pri:0, instance:DropDown.DropDow4@59e505b2]" started-at="2024-05-24T15:40:11Z" name="singleSelect" finished-at="2024-05-24T15:40:22Z" duration-ms="10989" status="PASS">
          <reporter-output>
          </reporter-output>
        </test-method> <!-- singleSelect -->
        <test-method is-config="true" signature="afterMethod()[pri:0, instance:DropDown.DropDow4@59e505b2]" started-at="2024-05-24T15:40:22Z" name="afterMethod" finished-at="2024-05-24T15:40:22Z" duration-ms="1" status="PASS">
          <reporter-output>
          </reporter-output>
        </test-method> <!-- afterMethod -->
        <test-method is-config="true" signature="afterClass()[pri:0, instance:DropDown.DropDow4@59e505b2]" started-at="2024-05-24T15:40:22Z" name="afterClass" finished-at="2024-05-24T15:40:24Z" duration-ms="2377" status="PASS">
          <reporter-output>
          </reporter-output>
        </test-method> <!-- afterClass -->
        <test-method is-config="true" signature="afterTest()[pri:0, instance:DropDown.DropDow4@59e505b2]" started-at="2024-05-24T15:40:24Z" name="afterTest" finished-at="2024-05-24T15:40:24Z" duration-ms="0" status="PASS">
          <reporter-output>
          </reporter-output>
        </test-method> <!-- afterTest -->
        <test-method is-config="true" signature="afterSuite()[pri:0, instance:DropDown.DropDow4@59e505b2]" started-at="2024-05-24T15:40:25Z" name="afterSuite" finished-at="2024-05-24T15:40:25Z" duration-ms="0" status="PASS">
          <reporter-output>
          </reporter-output>
        </test-method> <!-- afterSuite -->
      </class> <!-- DropDown.DropDow4 -->
    </test> <!-- Default test -->
  </suite> <!-- Default suite -->
</testng-results>
